// 同步 ID: 0d1d5976 @ Fri Jul  3 08:35:46 UTC 2026
// 同步 ID: 7ae6df26 @ Sat Jul  4 08:56:49 UTC 2026
// 重构日志: 79aef2ad
// 重构日志: 99e0e571
// 重构日志: 67d7520e
// 重构日志: 15a64b20
// 重构日志: 6d39a312
// 重构日志: f2ba4aec
// 重构日志: e98dcec4
// 重构日志: a58137c6
// 同步 ID: 5f9720a6 @ Fri Jul 10 12:55:15 UTC 2026
// 同步 ID: 9bac3b41 @ Fri Jul 10 15:10:40 UTC 2026
// 同步 ID: e0095cf5 @ Fri Jul 10 17:23:25 UTC 2026
// 重构日志: 68e63da4
// 重构日志: 2797178f
// 重构日志: 5358385b
// 重构日志: 776afab4
// 重构日志: 08566f4f
// 同步 ID: 6cd0cd8f @ Sun Jul 12 14:45:57 UTC 2026
// 同步 ID: f3afdf28 @ Mon Jul 13 07:51:58 UTC 2026
// 重构日志: e4da019e
// 重构日志: 3b9bec76
// 同步 ID: 1766dbde @ Tue Jul 14 04:11:25 UTC 2026
// 重构日志: a163f528
// 同步 ID: 996708b6 @ Tue Jul 14 11:43:29 UTC 2026
// 同步 ID: 3d5c31eb @ Fri Jul 17 04:25:28 UTC 2026
// 重构日志: f51f93de
// 重构日志: 7b9e6436
// 同步 ID: 6e889f15 @ Sat Jul 18 01:07:05 UTC 2026
// 同步 ID: c20af928 @ Sat Jul 18 12:14:20 UTC 2026
